<?xml version="1.0" encoding="UTF-8"?>
<!-- Generated by org.testng.reporters.JUnitReportReporter -->
<testsuite hostname="LAPTOP-HHQR007F" failures="0" tests="1" name="testPackage.ActitimeTestValidLogin" time="7.494" errors="0" timestamp="2023-01-26T22:31:56 IST" skipped="0">
  <testcase classname="testPackage.ActitimeTestValidLogin" name="validtest" time="7.494"/>
  <system-out/>
</testsuite> <!-- testPackage.ActitimeTestValidLogin -->
