<?xml version="1.0" encoding="UTF-8"?>
<!-- Generated by org.testng.reporters.JUnitReportReporter -->
<testsuite hostname="LAPTOP-HHQR007F" failures="0" tests="1" name="testPackage.ActitimeInvalidLogin" time="36.470" errors="0" timestamp="2023-01-27T14:03:27 IST" skipped="0">
  <testcase classname="testPackage.ActitimeInvalidLogin" name="invalidCreds" time="36.470"/>
  <system-out/>
</testsuite> <!-- testPackage.ActitimeInvalidLogin -->
