<?xml version="1.0" encoding="UTF-8"?>
<!-- Generated by org.testng.reporters.JUnitReportReporter -->
<testsuite hostname="LAPTOP-HHQR007F" failures="0" tests="12" name="testNGPack2.Flag6" time="0.108" errors="0" timestamp="2023-01-21T16:12:47 IST" skipped="0">
  <testcase classname="testNGPack2.Flag6" name="it4" time="0.003"/>
  <system-out>
    <![CDATA[integration testing4]]>
  </system-out>
  <testcase classname="testNGPack2.Flag6" name="it6" time="0.022"/>
  <system-out>
    <![CDATA[integration testing6]]>
  </system-out>
  <testcase classname="testNGPack2.Flag6" name="st2" time="0.012"/>
  <system-out>
    <![CDATA[System testing2]]>
  </system-out>
  <testcase classname="testNGPack2.Flag6" name="st3" time="0.004"/>
  <system-out>
    <![CDATA[System testing3]]>
  </system-out>
  <testcase classname="testNGPack2.Flag6" name="st4" time="0.008"/>
  <system-out>
    <![CDATA[System testing4]]>
  </system-out>
  <testcase classname="testNGPack2.Flag6" name="st6" time="0.005"/>
  <system-out>
    <![CDATA[System testing6]]>
  </system-out>
  <testcase classname="testNGPack2.Flag6" name="it2" time="0.009"/>
  <system-out>
    <![CDATA[integration testing2]]>
  </system-out>
  <testcase classname="testNGPack2.Flag6" name="it3" time="0.003"/>
  <system-out>
    <![CDATA[integration testing3]]>
  </system-out>
  <testcase classname="testNGPack2.Flag6" name="it" time="0.027"/>
  <system-out>
    <![CDATA[integration testing1]]>
  </system-out>
  <testcase classname="testNGPack2.Flag6" name="st" time="0.001"/>
  <system-out>
    <![CDATA[System testing1]]>
  </system-out>
  <testcase classname="testNGPack2.Flag6" name="it5" time="0.012"/>
  <system-out>
    <![CDATA[integration testing5]]>
  </system-out>
  <testcase classname="testNGPack2.Flag6" name="st5" time="0.002"/>
  <system-out>
    <![CDATA[System testing5]]>
  </system-out>
</testsuite> <!-- testNGPack2.Flag6 -->
