<?xml version="1.0" encoding="UTF-8"?>
<!-- Generated by org.testng.reporters.JUnitReportReporter -->
<testsuite hostname="LAPTOP-HHQR007F" failures="0" tests="1" name="testNGPack.launchTheBrowser" time="0.042" errors="0" timestamp="2023-01-20T17:05:30 IST" skipped="0">
  <testcase classname="testNGPack.launchTheBrowser" name="titleTest" time="0.042"/>
  <system-out>
    <![CDATA[actiTIME - Login]]>
  </system-out>
</testsuite> <!-- testNGPack.launchTheBrowser -->
