<?xml version="1.0" encoding="UTF-8"?>
<!-- Generated by org.testng.reporters.JUnitReportReporter -->
<testsuite hostname="LAPTOP-HHQR007F" failures="0" tests="3" name="testNGPack.Sumo" time="0.007" errors="0" timestamp="2023-01-19T15:39:08 IST" skipped="0">
  <testcase classname="testNGPack.Sumo" name="sumo" time="0.001"/>
  <system-out>
    <![CDATA[This is Sumo method]]>
  </system-out>
  <testcase classname="testNGPack.Sumo" name="sumo2" time="0.005"/>
  <system-out>
    <![CDATA[This is Sumo2 method]]>
  </system-out>
  <testcase classname="testNGPack.Sumo" name="sumo1" time="0.001"/>
  <system-out>
    <![CDATA[This is Sumo1 method]]>
  </system-out>
</testsuite> <!-- testNGPack.Sumo -->
