<?xml version="1.0" encoding="UTF-8"?>
<!-- Generated by org.testng.reporters.JUnitReportReporter -->
<testsuite hostname="LAPTOP-HHQR007F" failures="0" tests="1" name="testNGPack2.Class2" time="12.601" errors="0" timestamp="2023-01-21T16:17:26 IST" skipped="0">
  <testcase classname="testNGPack2.Class2" name="mt" time="12.601"/>
  <system-out/>
</testsuite> <!-- testNGPack2.Class2 -->
