<?xml version="1.0" encoding="UTF-8"?>
<!-- Generated by org.testng.reporters.JUnitReportReporter -->
<testsuite hostname="LAPTOP-HHQR007F" failures="0" tests="1" name="testNGPack.TestvalidLogin" time="9.871" errors="0" timestamp="2023-01-24T16:31:47 IST" skipped="0">
  <testcase classname="testNGPack.TestvalidLogin" name="validLogin" time="9.871"/>
  <system-out/>
</testsuite> <!-- testNGPack.TestvalidLogin -->
