<?xml version="1.0" encoding="UTF-8"?>
<!-- Generated by org.testng.reporters.JUnitReportReporter -->
<testsuite hostname="LAPTOP-HHQR007F" failures="0" tests="1" name="testNGPack2.Class4" time="12.754" errors="0" timestamp="2023-01-21T16:17:26 IST" skipped="0">
  <testcase classname="testNGPack2.Class4" name="automation" time="12.754"/>
  <system-out/>
</testsuite> <!-- testNGPack2.Class4 -->
