<?xml version="1.0" encoding="UTF-8"?>
<!-- Generated by org.testng.reporters.JUnitReportReporter -->
<testsuite hostname="LAPTOP-HHQR007F" failures="0" tests="3" name="testNGPack2.Flag3" time="0.016" errors="0" timestamp="2023-01-22T15:56:34 IST" skipped="0">
  <testcase classname="testNGPack2.Flag3" name="userSelect" time="0.004"/>
  <system-out>
    <![CDATA[This is user Select Method!!]]>
  </system-out>
  <testcase classname="testNGPack2.Flag3" name="logOutMethod" time="0.002"/>
  <system-out>
    <![CDATA[This is LogOut Method!!]]>
  </system-out>
  <testcase classname="testNGPack2.Flag3" name="logInMethod" time="0.010"/>
  <system-out>
    <![CDATA[This is logIn Method!!]]>
  </system-out>
</testsuite> <!-- testNGPack2.Flag3 -->
