<?xml version="1.0" encoding="UTF-8"?>
<!-- Generated by org.testng.reporters.JUnitReportReporter -->
<testsuite hostname="LAPTOP-HHQR007F" failures="0" tests="2" name="testNGPack.SelectBrowser" time="18.162" errors="0" timestamp="2023-01-24T13:48:43 IST" skipped="0">
  <testcase classname="testNGPack.SelectBrowser" name="openBrowser" time="7.836"/>
  <system-out/>
  <testcase classname="testNGPack.SelectBrowser" name="openBrowser" time="10.326"/>
  <system-out/>
</testsuite> <!-- testNGPack.SelectBrowser -->
