<?xml version="1.0" encoding="UTF-8"?>
<!-- Generated by org.testng.reporters.JUnitReportReporter -->
<testsuite hostname="LAPTOP-HHQR007F" failures="0" tests="2" name="testNGPack.testValidLogin2" time="17.383" errors="0" timestamp="2023-01-24T16:49:21 IST" skipped="0">
  <testcase classname="testNGPack.testValidLogin2" name="method1" time="10.069"/>
  <system-out/>
  <testcase classname="testNGPack.testValidLogin2" name="method1" time="7.314"/>
  <system-out/>
</testsuite> <!-- testNGPack.testValidLogin2 -->
