<?xml version="1.0" encoding="UTF-8"?>
<!-- Generated by org.testng.reporters.JUnitReportReporter -->
<testsuite hostname="LAPTOP-HHQR007F" failures="0" tests="1" name="testNGPack.Demo" time="0.021" errors="0" timestamp="2023-01-19T22:56:00 IST" skipped="0">
  <testcase classname="testNGPack.Demo" name="demo2" time="0.021"/>
  <system-out>
    <![CDATA[This is Demo2 method]]>
  </system-out>
</testsuite> <!-- testNGPack.Demo -->
