<?xml version="1.0" encoding="UTF-8"?>
<!-- Generated by org.testng.reporters.JUnitReportReporter -->
<testsuite hostname="LAPTOP-HHQR007F" failures="0" tests="1" name="testNGPack2.Class3" time="12.700" errors="0" timestamp="2023-01-21T16:17:26 IST" skipped="0">
  <testcase classname="testNGPack2.Class3" name="java" time="12.700"/>
  <system-out/>
</testsuite> <!-- testNGPack2.Class3 -->
