<?xml version="1.0" encoding="UTF-8"?>
<!-- Generated by org.testng.reporters.JUnitReportReporter -->
<testsuite hostname="LAPTOP-HHQR007F" failures="0" tests="2" name="testNGPack2.AllAnnotationsMethods" time="0.013" errors="0" timestamp="2023-01-21T16:44:14 IST" skipped="0">
  <testcase classname="testNGPack2.AllAnnotationsMethods" name="test1" time="0.004"/>
  <system-out>
    <![CDATA[This is test1 annotations]]>
  </system-out>
  <testcase classname="testNGPack2.AllAnnotationsMethods" name="test" time="0.009"/>
  <system-out>
    <![CDATA[This is test annotation]]>
  </system-out>
</testsuite> <!-- testNGPack2.AllAnnotationsMethods -->
