<?xml version="1.0" encoding="UTF-8"?>
<!-- Generated by org.testng.reporters.JUnitReportReporter -->
<testsuite hostname="LAPTOP-HHQR007F" failures="0" tests="3" name="testNGPack.Remo" time="0.006" errors="0" timestamp="2023-01-19T15:39:08 IST" skipped="0">
  <testcase classname="testNGPack.Remo" name="remo" time="0.002"/>
  <system-out>
    <![CDATA[This is Remo method]]>
  </system-out>
  <testcase classname="testNGPack.Remo" name="remo2" time="0.002"/>
  <system-out>
    <![CDATA[This is Remo2 method]]>
  </system-out>
  <testcase classname="testNGPack.Remo" name="remo1" time="0.002"/>
  <system-out>
    <![CDATA[This is Remo1 method]]>
  </system-out>
</testsuite> <!-- testNGPack.Remo -->
