<?xml version="1.0" encoding="UTF-8"?>
<!-- Generated by org.testng.reporters.JUnitReportReporter -->
<testsuite hostname="LAPTOP-HHQR007F" failures="0" tests="2" name="testNGparallelExecution.TestNG4" time="0.014" errors="0" timestamp="2023-01-23T17:15:18 IST" skipped="0">
  <testcase classname="testNGparallelExecution.TestNG4" name="tomorrow" time="0.004"/>
  <system-out>
    <![CDATA[tomorrow method17is the thread]]>
  </system-out>
  <testcase classname="testNGparallelExecution.TestNG4" name="today" time="0.010"/>
  <system-out>
    <![CDATA[today method17is the thread]]>
  </system-out>
</testsuite> <!-- testNGparallelExecution.TestNG4 -->
