<?xml version="1.0" encoding="UTF-8"?>
<!-- Generated by org.testng.reporters.JUnitReportReporter -->
<testsuite hostname="LAPTOP-HHQR007F" failures="0" tests="10" name="testNGPack2.InvocationCountFlag" time="24.276" errors="0" timestamp="2023-01-21T16:53:17 IST" skipped="0">
  <testcase classname="testNGPack2.InvocationCountFlag" name="launchBrowser" time="2.289"/>
  <system-out/>
  <testcase classname="testNGPack2.InvocationCountFlag" name="launchBrowser" time="3.727"/>
  <system-out/>
  <testcase classname="testNGPack2.InvocationCountFlag" name="launchBrowser" time="2.402"/>
  <system-out/>
  <testcase classname="testNGPack2.InvocationCountFlag" name="launchBrowser" time="3.313"/>
  <system-out/>
  <testcase classname="testNGPack2.InvocationCountFlag" name="launchBrowser" time="1.847"/>
  <system-out/>
  <testcase classname="testNGPack2.InvocationCountFlag" name="launchBrowser" time="2.592"/>
  <system-out/>
  <testcase classname="testNGPack2.InvocationCountFlag" name="launchBrowser" time="1.624"/>
  <system-out/>
  <testcase classname="testNGPack2.InvocationCountFlag" name="launchBrowser" time="2.218"/>
  <system-out/>
  <testcase classname="testNGPack2.InvocationCountFlag" name="launchBrowser" time="2.029"/>
  <system-out/>
  <testcase classname="testNGPack2.InvocationCountFlag" name="launchBrowser" time="2.235"/>
  <system-out/>
</testsuite> <!-- testNGPack2.InvocationCountFlag -->
